

Started GET "/" for 127.0.0.1 at 2014-07-19 19:08:05 -0700
Processing by Rails::WelcomeController#index as HTML
  Rendered /Users/sergio/.rbenv/versions/2.1.2/lib/ruby/gems/2.1.0/gems/railties-4.1.4/lib/rails/templates/rails/welcome/index.html.erb (1.8ms)
Completed 200 OK in 16ms (Views: 8.7ms | ActiveRecord: 0.0ms)


Started GET "/rails/info/properties" for 127.0.0.1 at 2014-07-19 19:08:07 -0700
Processing by Rails::InfoController#properties as */*
  Rendered /Users/sergio/.rbenv/versions/2.1.2/lib/ruby/gems/2.1.0/gems/railties-4.1.4/lib/rails/templates/rails/info/properties.html.erb (0.4ms)
Completed 200 OK in 35ms (Views: 7.7ms | ActiveRecord: 1.4ms)
  [1m[36m (1.1ms)[0m  [1mCREATE TABLE "schema_migrations" ("version" varchar(255) NOT NULL) [0m
  [1m[35m (0.0ms)[0m  select sqlite_version(*)
  [1m[36m (0.8ms)[0m  [1mCREATE UNIQUE INDEX "unique_schema_migrations" ON "schema_migrations" ("version")[0m
  [1m[35mActiveRecord::SchemaMigration Load (0.1ms)[0m  SELECT "schema_migrations".* FROM "schema_migrations"
Migrating to CreateUploads (20140720212806)
  [1m[36m (0.0ms)[0m  [1mbegin transaction[0m
  [1m[35m (0.3ms)[0m  CREATE TABLE "uploads" ("id" INTEGER PRIMARY KEY AUTOINCREMENT NOT NULL, "created_at" datetime, "updated_at" datetime) 
  [1m[36mSQL (0.1ms)[0m  [1mINSERT INTO "schema_migrations" ("version") VALUES (?)[0m  [["version", "20140720212806"]]
  [1m[35m (0.6ms)[0m  commit transaction
Migrating to AddAttachmentImageToUploads (20140720212917)
  [1m[36m (0.0ms)[0m  [1mbegin transaction[0m
  [1m[35m (0.3ms)[0m  ALTER TABLE "uploads" ADD "image_file_name" varchar(255)
  [1m[36m (0.1ms)[0m  [1mALTER TABLE "uploads" ADD "image_content_type" varchar(255)[0m
  [1m[35m (0.1ms)[0m  ALTER TABLE "uploads" ADD "image_file_size" integer
  [1m[36m (0.1ms)[0m  [1mALTER TABLE "uploads" ADD "image_updated_at" datetime[0m
  [1m[35mSQL (0.1ms)[0m  INSERT INTO "schema_migrations" ("version") VALUES (?)  [["version", "20140720212917"]]
  [1m[36m (0.6ms)[0m  [1mcommit transaction[0m
  [1m[35mActiveRecord::SchemaMigration Load (0.1ms)[0m  SELECT "schema_migrations".* FROM "schema_migrations"


Started GET "/" for 127.0.0.1 at 2014-07-20 14:43:46 -0700
  [1m[36mActiveRecord::SchemaMigration Load (0.1ms)[0m  [1mSELECT "schema_migrations".* FROM "schema_migrations"[0m
Processing by UploadsController#new as HTML
  Rendered uploads/new.html.erb within layouts/application (15.3ms)
Completed 200 OK in 67ms (Views: 55.6ms | ActiveRecord: 0.2ms)


Started GET "/assets/bootstrap.css?body=1" for 127.0.0.1 at 2014-07-20 14:43:46 -0700


Started GET "/assets/jquery.js?body=1" for 127.0.0.1 at 2014-07-20 14:43:46 -0700


Started GET "/assets/dropzone.css?body=1" for 127.0.0.1 at 2014-07-20 14:43:46 -0700


Started GET "/assets/application.css?body=1" for 127.0.0.1 at 2014-07-20 14:43:46 -0700


Started GET "/assets/uploads.css?body=1" for 127.0.0.1 at 2014-07-20 14:43:46 -0700


Started GET "/assets/jquery_ujs.js?body=1" for 127.0.0.1 at 2014-07-20 14:43:46 -0700


Started GET "/assets/dropzone.min.js?body=1" for 127.0.0.1 at 2014-07-20 14:43:46 -0700


Started GET "/assets/turbolinks.js?body=1" for 127.0.0.1 at 2014-07-20 14:43:46 -0700


Started GET "/assets/uploads.js?body=1" for 127.0.0.1 at 2014-07-20 14:43:46 -0700


Started GET "/assets/application.js?body=1" for 127.0.0.1 at 2014-07-20 14:43:46 -0700


Started GET "/assets/spritemap@2x.png" for 127.0.0.1 at 2014-07-20 14:43:46 -0700


Started GET "/images/spritemap@2x.png" for 127.0.0.1 at 2014-07-20 14:43:56 -0700

ActionController::RoutingError (No route matches [GET] "/images/spritemap@2x.png"):
  actionpack (4.1.4) lib/action_dispatch/middleware/debug_exceptions.rb:21:in `call'
  actionpack (4.1.4) lib/action_dispatch/middleware/show_exceptions.rb:30:in `call'
  railties (4.1.4) lib/rails/rack/logger.rb:38:in `call_app'
  railties (4.1.4) lib/rails/rack/logger.rb:20:in `block in call'
  activesupport (4.1.4) lib/active_support/tagged_logging.rb:68:in `block in tagged'
  activesupport (4.1.4) lib/active_support/tagged_logging.rb:26:in `tagged'
  activesupport (4.1.4) lib/active_support/tagged_logging.rb:68:in `tagged'
  railties (4.1.4) lib/rails/rack/logger.rb:20:in `call'
  actionpack (4.1.4) lib/action_dispatch/middleware/request_id.rb:21:in `call'
  rack (1.5.2) lib/rack/methodoverride.rb:21:in `call'
  rack (1.5.2) lib/rack/runtime.rb:17:in `call'
  activesupport (4.1.4) lib/active_support/cache/strategy/local_cache_middleware.rb:26:in `call'
  rack (1.5.2) lib/rack/lock.rb:17:in `call'
  actionpack (4.1.4) lib/action_dispatch/middleware/static.rb:64:in `call'
  rack (1.5.2) lib/rack/sendfile.rb:112:in `call'
  railties (4.1.4) lib/rails/engine.rb:514:in `call'
  railties (4.1.4) lib/rails/application.rb:144:in `call'
  rack (1.5.2) lib/rack/lock.rb:17:in `call'
  rack (1.5.2) lib/rack/content_length.rb:14:in `call'
  rack (1.5.2) lib/rack/handler/webrick.rb:60:in `service'
  /Users/sergio/.rbenv/versions/2.1.2/lib/ruby/2.1.0/webrick/httpserver.rb:138:in `service'
  /Users/sergio/.rbenv/versions/2.1.2/lib/ruby/2.1.0/webrick/httpserver.rb:94:in `run'
  /Users/sergio/.rbenv/versions/2.1.2/lib/ruby/2.1.0/webrick/server.rb:295:in `block in start_thread'


  Rendered /Users/sergio/.rbenv/versions/2.1.2/lib/ruby/gems/2.1.0/gems/actionpack-4.1.4/lib/action_dispatch/middleware/templates/rescues/_trace.html.erb (20.8ms)
  Rendered /Users/sergio/.rbenv/versions/2.1.2/lib/ruby/gems/2.1.0/gems/actionpack-4.1.4/lib/action_dispatch/middleware/templates/routes/_route.html.erb (1.3ms)
  Rendered /Users/sergio/.rbenv/versions/2.1.2/lib/ruby/gems/2.1.0/gems/actionpack-4.1.4/lib/action_dispatch/middleware/templates/routes/_table.html.erb (1.9ms)
  Rendered /Users/sergio/.rbenv/versions/2.1.2/lib/ruby/gems/2.1.0/gems/actionpack-4.1.4/lib/action_dispatch/middleware/templates/rescues/routing_error.html.erb within rescues/layout (39.8ms)


Started POST "/uploads" for 127.0.0.1 at 2014-07-20 14:43:56 -0700
Processing by UploadsController#create as JSON
  Parameters: {"utf8"=>"✓", "authenticity_token"=>"SngZyuo9UD/+HNIRG+cNUKGkB1mmngx40NtoP3HFuew=", "file"=>#<ActionDispatch::Http::UploadedFile:0x007faac1b334b8 @tempfile=#<Tempfile:/var/folders/9c/b5vx34mj2bx0fnrlvrl9k24m0000gq/T/RackMultipart20140720-6465-1q304q3>, @original_filename="1176306_852148878134168_9107003042674201633_n.jpg", @content_type="image/jpeg", @headers="Content-Disposition: form-data; name=\"file\"; filename=\"1176306_852148878134168_9107003042674201633_n.jpg\"\r\nContent-Type: image/jpeg\r\n">}
Completed 400 Bad Request in 1ms

ActionController::ParameterMissing (param is missing or the value is empty: upload):
  app/controllers/uploads_controller.rb:19:in `upload_params'
  app/controllers/uploads_controller.rb:7:in `create'


  Rendered /Users/sergio/.rbenv/versions/2.1.2/lib/ruby/gems/2.1.0/gems/actionpack-4.1.4/lib/action_dispatch/middleware/templates/rescues/_source.erb (0.5ms)
  Rendered /Users/sergio/.rbenv/versions/2.1.2/lib/ruby/gems/2.1.0/gems/actionpack-4.1.4/lib/action_dispatch/middleware/templates/rescues/_trace.text.erb (0.4ms)
  Rendered /Users/sergio/.rbenv/versions/2.1.2/lib/ruby/gems/2.1.0/gems/actionpack-4.1.4/lib/action_dispatch/middleware/templates/rescues/_request_and_response.text.erb (0.6ms)
  Rendered /Users/sergio/.rbenv/versions/2.1.2/lib/ruby/gems/2.1.0/gems/actionpack-4.1.4/lib/action_dispatch/middleware/templates/rescues/diagnostics.erb (11.3ms)


Started POST "/uploads" for 127.0.0.1 at 2014-07-20 14:44:02 -0700
Processing by UploadsController#create as JSON
  Parameters: {"utf8"=>"✓", "authenticity_token"=>"SngZyuo9UD/+HNIRG+cNUKGkB1mmngx40NtoP3HFuew=", "file"=>#<ActionDispatch::Http::UploadedFile:0x007faac39709a8 @tempfile=#<Tempfile:/var/folders/9c/b5vx34mj2bx0fnrlvrl9k24m0000gq/T/RackMultipart20140720-6465-1d1pyi0>, @original_filename="1795664_702305526457327_1263190909_n.jpg", @content_type="image/jpeg", @headers="Content-Disposition: form-data; name=\"file\"; filename=\"1795664_702305526457327_1263190909_n.jpg\"\r\nContent-Type: image/jpeg\r\n">}
Completed 400 Bad Request in 0ms

ActionController::ParameterMissing (param is missing or the value is empty: upload):
  app/controllers/uploads_controller.rb:19:in `upload_params'
  app/controllers/uploads_controller.rb:7:in `create'


  Rendered /Users/sergio/.rbenv/versions/2.1.2/lib/ruby/gems/2.1.0/gems/actionpack-4.1.4/lib/action_dispatch/middleware/templates/rescues/_source.erb (0.4ms)
  Rendered /Users/sergio/.rbenv/versions/2.1.2/lib/ruby/gems/2.1.0/gems/actionpack-4.1.4/lib/action_dispatch/middleware/templates/rescues/_trace.text.erb (0.4ms)
  Rendered /Users/sergio/.rbenv/versions/2.1.2/lib/ruby/gems/2.1.0/gems/actionpack-4.1.4/lib/action_dispatch/middleware/templates/rescues/_request_and_response.text.erb (0.5ms)
  Rendered /Users/sergio/.rbenv/versions/2.1.2/lib/ruby/gems/2.1.0/gems/actionpack-4.1.4/lib/action_dispatch/middleware/templates/rescues/diagnostics.erb (11.0ms)


Started GET "/" for 127.0.0.1 at 2014-07-20 14:45:39 -0700
Processing by UploadsController#new as HTML
  Rendered uploads/new.html.erb within layouts/application (0.7ms)
Completed 500 Internal Server Error in 9ms

ActionView::Template::Error (Invalid CSS after "$": expected identifier, was "(document).read..."
  (in /Users/sergio/Sync/Projects/Working/fotoblogR4/app/assets/stylesheets/uploads.css.scss:1)):
     8:     <meta name="description" content="">
     9:     <meta name="author" content="">
    10:   
    11:     <%= stylesheet_link_tag    "application", media: "all", "data-turbolinks-track" => true %>
    12:     <%= csrf_meta_tags %>
    13:     
    14:   </head>
  app/assets/stylesheets/uploads.css.scss:1
  app/views/layouts/application.html.erb:11:in `_app_views_layouts_application_html_erb___1586336184696203760_70185719323920'


  Rendered /Users/sergio/.rbenv/versions/2.1.2/lib/ruby/gems/2.1.0/gems/actionpack-4.1.4/lib/action_dispatch/middleware/templates/rescues/_trace.html.erb (0.9ms)
  Rendered /Users/sergio/.rbenv/versions/2.1.2/lib/ruby/gems/2.1.0/gems/actionpack-4.1.4/lib/action_dispatch/middleware/templates/rescues/_request_and_response.html.erb (0.7ms)
  Rendered /Users/sergio/.rbenv/versions/2.1.2/lib/ruby/gems/2.1.0/gems/actionpack-4.1.4/lib/action_dispatch/middleware/templates/rescues/template_error.html.erb within rescues/layout (8.7ms)


Started GET "/" for 127.0.0.1 at 2014-07-20 14:45:40 -0700
Processing by UploadsController#new as HTML
  Rendered uploads/new.html.erb within layouts/application (0.8ms)
Completed 500 Internal Server Error in 8ms

ActionView::Template::Error (Invalid CSS after "$": expected identifier, was "(document).read..."
  (in /Users/sergio/Sync/Projects/Working/fotoblogR4/app/assets/stylesheets/uploads.css.scss:1)):
     8:     <meta name="description" content="">
     9:     <meta name="author" content="">
    10:   
    11:     <%= stylesheet_link_tag    "application", media: "all", "data-turbolinks-track" => true %>
    12:     <%= csrf_meta_tags %>
    13:     
    14:   </head>
  app/assets/stylesheets/uploads.css.scss:1
  app/views/layouts/application.html.erb:11:in `_app_views_layouts_application_html_erb___1586336184696203760_70185719323920'


  Rendered /Users/sergio/.rbenv/versions/2.1.2/lib/ruby/gems/2.1.0/gems/actionpack-4.1.4/lib/action_dispatch/middleware/templates/rescues/_trace.html.erb (1.0ms)
  Rendered /Users/sergio/.rbenv/versions/2.1.2/lib/ruby/gems/2.1.0/gems/actionpack-4.1.4/lib/action_dispatch/middleware/templates/rescues/_request_and_response.html.erb (0.6ms)
  Rendered /Users/sergio/.rbenv/versions/2.1.2/lib/ruby/gems/2.1.0/gems/actionpack-4.1.4/lib/action_dispatch/middleware/templates/rescues/template_error.html.erb within rescues/layout (9.0ms)


Started GET "/" for 127.0.0.1 at 2014-07-20 14:46:03 -0700
Processing by UploadsController#new as HTML
  Rendered uploads/new.html.erb within layouts/application (0.9ms)
Completed 500 Internal Server Error in 7ms

ActionView::Template::Error (Invalid CSS after "$": expected identifier, was "(document).read..."
  (in /Users/sergio/Sync/Projects/Working/fotoblogR4/app/assets/stylesheets/uploads.css.scss:1)):
     8:     <meta name="description" content="">
     9:     <meta name="author" content="">
    10:   
    11:     <%= stylesheet_link_tag    "application", media: "all", "data-turbolinks-track" => true %>
    12:     <%= csrf_meta_tags %>
    13:     
    14:   </head>
  app/assets/stylesheets/uploads.css.scss:1
  app/views/layouts/application.html.erb:11:in `_app_views_layouts_application_html_erb___1586336184696203760_70185719323920'


  Rendered /Users/sergio/.rbenv/versions/2.1.2/lib/ruby/gems/2.1.0/gems/actionpack-4.1.4/lib/action_dispatch/middleware/templates/rescues/_trace.html.erb (1.3ms)
  Rendered /Users/sergio/.rbenv/versions/2.1.2/lib/ruby/gems/2.1.0/gems/actionpack-4.1.4/lib/action_dispatch/middleware/templates/rescues/_request_and_response.html.erb (0.7ms)
  Rendered /Users/sergio/.rbenv/versions/2.1.2/lib/ruby/gems/2.1.0/gems/actionpack-4.1.4/lib/action_dispatch/middleware/templates/rescues/template_error.html.erb within rescues/layout (9.2ms)


Started GET "/" for 127.0.0.1 at 2014-07-20 14:47:26 -0700
Processing by UploadsController#new as HTML
  Rendered uploads/new.html.erb within layouts/application (0.8ms)
Completed 500 Internal Server Error in 8ms

ActionView::Template::Error (Invalid CSS after "$": expected identifier, was "(document).read..."
  (in /Users/sergio/Sync/Projects/Working/fotoblogR4/app/assets/stylesheets/uploads.css.scss:1)):
     8:     <meta name="description" content="">
     9:     <meta name="author" content="">
    10:   
    11:     <%= stylesheet_link_tag    "application", media: "all", "data-turbolinks-track" => true %>
    12:     <%= csrf_meta_tags %>
    13:     
    14:   </head>
  app/assets/stylesheets/uploads.css.scss:1
  app/views/layouts/application.html.erb:11:in `_app_views_layouts_application_html_erb___1586336184696203760_70185719323920'


  Rendered /Users/sergio/.rbenv/versions/2.1.2/lib/ruby/gems/2.1.0/gems/actionpack-4.1.4/lib/action_dispatch/middleware/templates/rescues/_trace.html.erb (1.5ms)
  Rendered /Users/sergio/.rbenv/versions/2.1.2/lib/ruby/gems/2.1.0/gems/actionpack-4.1.4/lib/action_dispatch/middleware/templates/rescues/_request_and_response.html.erb (0.6ms)
  Rendered /Users/sergio/.rbenv/versions/2.1.2/lib/ruby/gems/2.1.0/gems/actionpack-4.1.4/lib/action_dispatch/middleware/templates/rescues/template_error.html.erb within rescues/layout (9.2ms)


Started GET "/" for 127.0.0.1 at 2014-07-20 14:47:27 -0700
Processing by UploadsController#new as HTML
  Rendered uploads/new.html.erb within layouts/application (1.2ms)
Completed 500 Internal Server Error in 7ms

ActionView::Template::Error (Invalid CSS after "$": expected identifier, was "(document).read..."
  (in /Users/sergio/Sync/Projects/Working/fotoblogR4/app/assets/stylesheets/uploads.css.scss:1)):
     8:     <meta name="description" content="">
     9:     <meta name="author" content="">
    10:   
    11:     <%= stylesheet_link_tag    "application", media: "all", "data-turbolinks-track" => true %>
    12:     <%= csrf_meta_tags %>
    13:     
    14:   </head>
  app/assets/stylesheets/uploads.css.scss:1
  app/views/layouts/application.html.erb:11:in `_app_views_layouts_application_html_erb___1586336184696203760_70185719323920'


  Rendered /Users/sergio/.rbenv/versions/2.1.2/lib/ruby/gems/2.1.0/gems/actionpack-4.1.4/lib/action_dispatch/middleware/templates/rescues/_trace.html.erb (1.0ms)
  Rendered /Users/sergio/.rbenv/versions/2.1.2/lib/ruby/gems/2.1.0/gems/actionpack-4.1.4/lib/action_dispatch/middleware/templates/rescues/_request_and_response.html.erb (0.6ms)
  Rendered /Users/sergio/.rbenv/versions/2.1.2/lib/ruby/gems/2.1.0/gems/actionpack-4.1.4/lib/action_dispatch/middleware/templates/rescues/template_error.html.erb within rescues/layout (8.7ms)


Started GET "/" for 127.0.0.1 at 2014-07-20 14:47:28 -0700
Processing by UploadsController#new as HTML
  Rendered uploads/new.html.erb within layouts/application (0.8ms)
Completed 500 Internal Server Error in 8ms

ActionView::Template::Error (Invalid CSS after "$": expected identifier, was "(document).read..."
  (in /Users/sergio/Sync/Projects/Working/fotoblogR4/app/assets/stylesheets/uploads.css.scss:1)):
     8:     <meta name="description" content="">
     9:     <meta name="author" content="">
    10:   
    11:     <%= stylesheet_link_tag    "application", media: "all", "data-turbolinks-track" => true %>
    12:     <%= csrf_meta_tags %>
    13:     
    14:   </head>
  app/assets/stylesheets/uploads.css.scss:1
  app/views/layouts/application.html.erb:11:in `_app_views_layouts_application_html_erb___1586336184696203760_70185719323920'


  Rendered /Users/sergio/.rbenv/versions/2.1.2/lib/ruby/gems/2.1.0/gems/actionpack-4.1.4/lib/action_dispatch/middleware/templates/rescues/_trace.html.erb (0.9ms)
  Rendered /Users/sergio/.rbenv/versions/2.1.2/lib/ruby/gems/2.1.0/gems/actionpack-4.1.4/lib/action_dispatch/middleware/templates/rescues/_request_and_response.html.erb (0.6ms)
  Rendered /Users/sergio/.rbenv/versions/2.1.2/lib/ruby/gems/2.1.0/gems/actionpack-4.1.4/lib/action_dispatch/middleware/templates/rescues/template_error.html.erb within rescues/layout (8.1ms)


Started GET "/" for 127.0.0.1 at 2014-07-20 14:48:10 -0700
  [1m[36mActiveRecord::SchemaMigration Load (0.1ms)[0m  [1mSELECT "schema_migrations".* FROM "schema_migrations"[0m
Processing by UploadsController#new as HTML
  Rendered uploads/new.html.erb within layouts/application (8.8ms)
Completed 500 Internal Server Error in 30ms

ActionView::Template::Error (Invalid CSS after "$": expected identifier, was "(document).read..."
  (in /Users/sergio/Sync/Projects/Working/fotoblogR4/app/assets/stylesheets/uploads.css.scss:1)):
     8:     <meta name="description" content="">
     9:     <meta name="author" content="">
    10:   
    11:     <%= stylesheet_link_tag    "application", media: "all", "data-turbolinks-track" => true %>
    12:     <%= csrf_meta_tags %>
    13:     
    14:   </head>
  app/assets/stylesheets/uploads.css.scss:1
  app/views/layouts/application.html.erb:11:in `_app_views_layouts_application_html_erb___4320827588499920754_70116691806180'


  Rendered /Users/sergio/.rbenv/versions/2.1.2/lib/ruby/gems/2.1.0/gems/actionpack-4.1.4/lib/action_dispatch/middleware/templates/rescues/_trace.html.erb (1.0ms)
  Rendered /Users/sergio/.rbenv/versions/2.1.2/lib/ruby/gems/2.1.0/gems/actionpack-4.1.4/lib/action_dispatch/middleware/templates/rescues/_request_and_response.html.erb (0.6ms)
  Rendered /Users/sergio/.rbenv/versions/2.1.2/lib/ruby/gems/2.1.0/gems/actionpack-4.1.4/lib/action_dispatch/middleware/templates/rescues/template_error.html.erb within rescues/layout (8.7ms)


Started GET "/" for 127.0.0.1 at 2014-07-20 14:48:21 -0700
Processing by UploadsController#new as HTML
  Rendered uploads/new.html.erb within layouts/application (0.6ms)
Completed 500 Internal Server Error in 9ms

ActionView::Template::Error (Invalid CSS after "$": expected identifier, was "(document).read..."
  (in /Users/sergio/Sync/Projects/Working/fotoblogR4/app/assets/stylesheets/uploads.css.scss:1)):
     8:     <meta name="description" content="">
     9:     <meta name="author" content="">
    10:   
    11:     <%= stylesheet_link_tag    "application", media: "all", "data-turbolinks-track" => true %>
    12:     <%= csrf_meta_tags %>
    13:     
    14:   </head>
  app/assets/stylesheets/uploads.css.scss:1
  app/views/layouts/application.html.erb:11:in `_app_views_layouts_application_html_erb___4320827588499920754_70116691806180'


  Rendered /Users/sergio/.rbenv/versions/2.1.2/lib/ruby/gems/2.1.0/gems/actionpack-4.1.4/lib/action_dispatch/middleware/templates/rescues/_trace.html.erb (1.0ms)
  Rendered /Users/sergio/.rbenv/versions/2.1.2/lib/ruby/gems/2.1.0/gems/actionpack-4.1.4/lib/action_dispatch/middleware/templates/rescues/_request_and_response.html.erb (0.6ms)
  Rendered /Users/sergio/.rbenv/versions/2.1.2/lib/ruby/gems/2.1.0/gems/actionpack-4.1.4/lib/action_dispatch/middleware/templates/rescues/template_error.html.erb within rescues/layout (8.8ms)


Started GET "/" for 127.0.0.1 at 2014-07-20 14:48:21 -0700
Processing by UploadsController#new as HTML
  Rendered uploads/new.html.erb within layouts/application (0.7ms)
Completed 500 Internal Server Error in 6ms

ActionView::Template::Error (Invalid CSS after "$": expected identifier, was "(document).read..."
  (in /Users/sergio/Sync/Projects/Working/fotoblogR4/app/assets/stylesheets/uploads.css.scss:1)):
     8:     <meta name="description" content="">
     9:     <meta name="author" content="">
    10:   
    11:     <%= stylesheet_link_tag    "application", media: "all", "data-turbolinks-track" => true %>
    12:     <%= csrf_meta_tags %>
    13:     
    14:   </head>
  app/assets/stylesheets/uploads.css.scss:1
  app/views/layouts/application.html.erb:11:in `_app_views_layouts_application_html_erb___4320827588499920754_70116691806180'


  Rendered /Users/sergio/.rbenv/versions/2.1.2/lib/ruby/gems/2.1.0/gems/actionpack-4.1.4/lib/action_dispatch/middleware/templates/rescues/_trace.html.erb (1.0ms)
  Rendered /Users/sergio/.rbenv/versions/2.1.2/lib/ruby/gems/2.1.0/gems/actionpack-4.1.4/lib/action_dispatch/middleware/templates/rescues/_request_and_response.html.erb (0.7ms)
  Rendered /Users/sergio/.rbenv/versions/2.1.2/lib/ruby/gems/2.1.0/gems/actionpack-4.1.4/lib/action_dispatch/middleware/templates/rescues/template_error.html.erb within rescues/layout (9.0ms)


Started GET "/" for 127.0.0.1 at 2014-07-20 14:50:38 -0700
Processing by UploadsController#new as HTML
  Rendered uploads/new.html.erb within layouts/application (0.9ms)
Completed 500 Internal Server Error in 7ms

ActionView::Template::Error (Invalid CSS after "$": expected identifier, was "(document).read..."
  (in /Users/sergio/Sync/Projects/Working/fotoblogR4/app/assets/stylesheets/uploads.css.scss:1)):
     8:     <meta name="description" content="">
     9:     <meta name="author" content="">
    10:   
    11:     <%= stylesheet_link_tag    "application", media: "all", "data-turbolinks-track" => true %>
    12:     <%= javascript_include_tag "application", "data-turbolinks-track" => true %>
    13:     <%= csrf_meta_tags %>
    14:     
  app/assets/stylesheets/uploads.css.scss:1
  app/views/layouts/application.html.erb:11:in `_app_views_layouts_application_html_erb___4320827588499920754_70116651114020'


  Rendered /Users/sergio/.rbenv/versions/2.1.2/lib/ruby/gems/2.1.0/gems/actionpack-4.1.4/lib/action_dispatch/middleware/templates/rescues/_trace.html.erb (0.8ms)
  Rendered /Users/sergio/.rbenv/versions/2.1.2/lib/ruby/gems/2.1.0/gems/actionpack-4.1.4/lib/action_dispatch/middleware/templates/rescues/_request_and_response.html.erb (0.6ms)
  Rendered /Users/sergio/.rbenv/versions/2.1.2/lib/ruby/gems/2.1.0/gems/actionpack-4.1.4/lib/action_dispatch/middleware/templates/rescues/template_error.html.erb within rescues/layout (8.0ms)


Started GET "/" for 127.0.0.1 at 2014-07-20 14:50:39 -0700
Processing by UploadsController#new as HTML
  Rendered uploads/new.html.erb within layouts/application (0.6ms)
Completed 500 Internal Server Error in 13ms

ActionView::Template::Error (Invalid CSS after "$": expected identifier, was "(document).read..."
  (in /Users/sergio/Sync/Projects/Working/fotoblogR4/app/assets/stylesheets/uploads.css.scss:1)):
     8:     <meta name="description" content="">
     9:     <meta name="author" content="">
    10:   
    11:     <%= stylesheet_link_tag    "application", media: "all", "data-turbolinks-track" => true %>
    12:     <%= javascript_include_tag "application", "data-turbolinks-track" => true %>
    13:     <%= csrf_meta_tags %>
    14:     
  app/assets/stylesheets/uploads.css.scss:1
  app/views/layouts/application.html.erb:11:in `_app_views_layouts_application_html_erb___4320827588499920754_70116651114020'


  Rendered /Users/sergio/.rbenv/versions/2.1.2/lib/ruby/gems/2.1.0/gems/actionpack-4.1.4/lib/action_dispatch/middleware/templates/rescues/_trace.html.erb (1.0ms)
  Rendered /Users/sergio/.rbenv/versions/2.1.2/lib/ruby/gems/2.1.0/gems/actionpack-4.1.4/lib/action_dispatch/middleware/templates/rescues/_request_and_response.html.erb (0.7ms)
  Rendered /Users/sergio/.rbenv/versions/2.1.2/lib/ruby/gems/2.1.0/gems/actionpack-4.1.4/lib/action_dispatch/middleware/templates/rescues/template_error.html.erb within rescues/layout (8.4ms)


Started GET "/" for 127.0.0.1 at 2014-07-20 14:50:49 -0700
Processing by UploadsController#new as HTML
  Rendered uploads/new.html.erb within layouts/application (0.8ms)
Completed 500 Internal Server Error in 41ms

ActionView::Template::Error (Invalid CSS after "$": expected identifier, was "(document).read..."
  (in /Users/sergio/Sync/Projects/Working/fotoblogR4/app/assets/stylesheets/uploads.css.scss:1)):
    10:   
    11:         <%= javascript_include_tag "application", "data-turbolinks-track" => true %>
    12:         
    13:     <%= stylesheet_link_tag    "application", media: "all", "data-turbolinks-track" => true %>
    14: 
    15:     <%= csrf_meta_tags %>
    16:     
  app/assets/stylesheets/uploads.css.scss:1
  app/views/layouts/application.html.erb:13:in `_app_views_layouts_application_html_erb___4320827588499920754_70116694551020'


  Rendered /Users/sergio/.rbenv/versions/2.1.2/lib/ruby/gems/2.1.0/gems/actionpack-4.1.4/lib/action_dispatch/middleware/templates/rescues/_trace.html.erb (1.0ms)
  Rendered /Users/sergio/.rbenv/versions/2.1.2/lib/ruby/gems/2.1.0/gems/actionpack-4.1.4/lib/action_dispatch/middleware/templates/rescues/_request_and_response.html.erb (0.6ms)
  Rendered /Users/sergio/.rbenv/versions/2.1.2/lib/ruby/gems/2.1.0/gems/actionpack-4.1.4/lib/action_dispatch/middleware/templates/rescues/template_error.html.erb within rescues/layout (8.9ms)


Started GET "/" for 127.0.0.1 at 2014-07-20 14:52:18 -0700
Processing by UploadsController#new as HTML
  Rendered uploads/new.html.erb within layouts/application (0.7ms)
Completed 200 OK in 19ms (Views: 18.7ms | ActiveRecord: 0.0ms)


Started GET "/assets/bootstrap.css?body=1" for 127.0.0.1 at 2014-07-20 14:52:18 -0700


Started GET "/assets/uploads.css?body=1" for 127.0.0.1 at 2014-07-20 14:52:18 -0700


Started GET "/assets/jquery.js?body=1" for 127.0.0.1 at 2014-07-20 14:52:18 -0700


Started GET "/assets/jquery_ujs.js?body=1" for 127.0.0.1 at 2014-07-20 14:52:18 -0700


Started GET "/assets/application.css?body=1" for 127.0.0.1 at 2014-07-20 14:52:18 -0700


Started GET "/assets/dropzone.css?body=1" for 127.0.0.1 at 2014-07-20 14:52:18 -0700


Started GET "/assets/dropzone.min.js?body=1" for 127.0.0.1 at 2014-07-20 14:52:18 -0700


Started GET "/assets/turbolinks.js?body=1" for 127.0.0.1 at 2014-07-20 14:52:18 -0700


Started GET "/assets/upload.js?body=1" for 127.0.0.1 at 2014-07-20 14:52:18 -0700


Started GET "/assets/uploads.js?body=1" for 127.0.0.1 at 2014-07-20 14:52:18 -0700


Started GET "/assets/application.js?body=1" for 127.0.0.1 at 2014-07-20 14:52:18 -0700


Started GET "/assets/spritemap@2x.png" for 127.0.0.1 at 2014-07-20 14:52:18 -0700


Started GET "/assets/spritemap@2x.png" for 127.0.0.1 at 2014-07-20 14:52:35 -0700


Started POST "/uploads" for 127.0.0.1 at 2014-07-20 14:52:35 -0700
Processing by UploadsController#create as JSON
  Parameters: {"utf8"=>"✓", "authenticity_token"=>"SngZyuo9UD/+HNIRG+cNUKGkB1mmngx40NtoP3HFuew=", "upload"=>{"image"=>#<ActionDispatch::Http::UploadedFile:0x007f8a9c1f1458 @tempfile=#<Tempfile:/var/folders/9c/b5vx34mj2bx0fnrlvrl9k24m0000gq/T/RackMultipart20140720-6496-1dcpd6e>, @original_filename="1795664_702305526457327_1263190909_n.jpg", @content_type="image/jpeg", @headers="Content-Disposition: form-data; name=\"upload[image]\"; filename=\"1795664_702305526457327_1263190909_n.jpg\"\r\nContent-Type: image/jpeg\r\n">}}
Command :: file -b --mime '/var/folders/9c/b5vx34mj2bx0fnrlvrl9k24m0000gq/T/4b5d58c2181c7fa1b48151d59689d01220140720-6496-l9o6au.jpg'
Command :: identify -format '%wx%h,%[exif:orientation]' '/var/folders/9c/b5vx34mj2bx0fnrlvrl9k24m0000gq/T/4b5d58c2181c7fa1b48151d59689d01220140720-6496-16zg7t6.jpg[0]' 2>/dev/null
[paperclip] An error was received while processing: #<Paperclip::Errors::CommandNotFoundError: Could not run the `identify` command. Please install ImageMagick.>
Command :: identify -format '%wx%h,%[exif:orientation]' '/var/folders/9c/b5vx34mj2bx0fnrlvrl9k24m0000gq/T/4b5d58c2181c7fa1b48151d59689d01220140720-6496-16zg7t6.jpg[0]' 2>/dev/null
[paperclip] An error was received while processing: #<Paperclip::Errors::CommandNotFoundError: Could not run the `identify` command. Please install ImageMagick.>
  [1m[35m (0.2ms)[0m  begin transaction
Command :: file -b --mime '/var/folders/9c/b5vx34mj2bx0fnrlvrl9k24m0000gq/T/4b5d58c2181c7fa1b48151d59689d01220140720-6496-1kl9ti3.jpg'
  [1m[36m (0.1ms)[0m  [1mrollback transaction[0m
  [1m[35m (0.0ms)[0m  begin transaction
Command :: file -b --mime '/var/folders/9c/b5vx34mj2bx0fnrlvrl9k24m0000gq/T/4b5d58c2181c7fa1b48151d59689d01220140720-6496-1pzpmr0.jpg'
  [1m[36m (0.2ms)[0m  [1mrollback transaction[0m
Completed 400 Bad Request in 62ms (Views: 0.3ms | ActiveRecord: 0.6ms)


Started GET "/images/spritemap@2x.png" for 127.0.0.1 at 2014-07-20 14:52:35 -0700

ActionController::RoutingError (No route matches [GET] "/images/spritemap@2x.png"):
  actionpack (4.1.4) lib/action_dispatch/middleware/debug_exceptions.rb:21:in `call'
  actionpack (4.1.4) lib/action_dispatch/middleware/show_exceptions.rb:30:in `call'
  railties (4.1.4) lib/rails/rack/logger.rb:38:in `call_app'
  railties (4.1.4) lib/rails/rack/logger.rb:20:in `block in call'
  activesupport (4.1.4) lib/active_support/tagged_logging.rb:68:in `block in tagged'
  activesupport (4.1.4) lib/active_support/tagged_logging.rb:26:in `tagged'
  activesupport (4.1.4) lib/active_support/tagged_logging.rb:68:in `tagged'
  railties (4.1.4) lib/rails/rack/logger.rb:20:in `call'
  actionpack (4.1.4) lib/action_dispatch/middleware/request_id.rb:21:in `call'
  rack (1.5.2) lib/rack/methodoverride.rb:21:in `call'
  rack (1.5.2) lib/rack/runtime.rb:17:in `call'
  activesupport (4.1.4) lib/active_support/cache/strategy/local_cache_middleware.rb:26:in `call'
  rack (1.5.2) lib/rack/lock.rb:17:in `call'
  actionpack (4.1.4) lib/action_dispatch/middleware/static.rb:64:in `call'
  rack (1.5.2) lib/rack/sendfile.rb:112:in `call'
  railties (4.1.4) lib/rails/engine.rb:514:in `call'
  railties (4.1.4) lib/rails/application.rb:144:in `call'
  rack (1.5.2) lib/rack/lock.rb:17:in `call'
  rack (1.5.2) lib/rack/content_length.rb:14:in `call'
  rack (1.5.2) lib/rack/handler/webrick.rb:60:in `service'
  /Users/sergio/.rbenv/versions/2.1.2/lib/ruby/2.1.0/webrick/httpserver.rb:138:in `service'
  /Users/sergio/.rbenv/versions/2.1.2/lib/ruby/2.1.0/webrick/httpserver.rb:94:in `run'
  /Users/sergio/.rbenv/versions/2.1.2/lib/ruby/2.1.0/webrick/server.rb:295:in `block in start_thread'


  Rendered /Users/sergio/.rbenv/versions/2.1.2/lib/ruby/gems/2.1.0/gems/actionpack-4.1.4/lib/action_dispatch/middleware/templates/rescues/_trace.html.erb (0.8ms)
  Rendered /Users/sergio/.rbenv/versions/2.1.2/lib/ruby/gems/2.1.0/gems/actionpack-4.1.4/lib/action_dispatch/middleware/templates/routes/_route.html.erb (1.3ms)
  Rendered /Users/sergio/.rbenv/versions/2.1.2/lib/ruby/gems/2.1.0/gems/actionpack-4.1.4/lib/action_dispatch/middleware/templates/routes/_table.html.erb (1.6ms)
  Rendered /Users/sergio/.rbenv/versions/2.1.2/lib/ruby/gems/2.1.0/gems/actionpack-4.1.4/lib/action_dispatch/middleware/templates/rescues/routing_error.html.erb within rescues/layout (18.0ms)


Started GET "/" for 127.0.0.1 at 2014-07-20 14:52:37 -0700
Processing by UploadsController#new as HTML
  Rendered uploads/new.html.erb within layouts/application (0.8ms)
Completed 200 OK in 6ms (Views: 5.0ms | ActiveRecord: 0.0ms)


Started GET "/assets/bootstrap.css?body=1" for 127.0.0.1 at 2014-07-20 14:52:37 -0700


Started GET "/assets/uploads.css?body=1" for 127.0.0.1 at 2014-07-20 14:52:37 -0700


Started GET "/assets/application.css?body=1" for 127.0.0.1 at 2014-07-20 14:52:37 -0700


Started GET "/assets/jquery.js?body=1" for 127.0.0.1 at 2014-07-20 14:52:37 -0700


Started GET "/assets/dropzone.min.js?body=1" for 127.0.0.1 at 2014-07-20 14:52:37 -0700


Started GET "/assets/dropzone.css?body=1" for 127.0.0.1 at 2014-07-20 14:52:37 -0700


Started GET "/assets/jquery_ujs.js?body=1" for 127.0.0.1 at 2014-07-20 14:52:37 -0700


Started GET "/assets/turbolinks.js?body=1" for 127.0.0.1 at 2014-07-20 14:52:37 -0700


Started GET "/assets/upload.js?body=1" for 127.0.0.1 at 2014-07-20 14:52:37 -0700


Started GET "/assets/uploads.js?body=1" for 127.0.0.1 at 2014-07-20 14:52:37 -0700


Started GET "/assets/application.js?body=1" for 127.0.0.1 at 2014-07-20 14:52:37 -0700


Started POST "/uploads" for 127.0.0.1 at 2014-07-20 14:52:40 -0700
Processing by UploadsController#create as JSON
  Parameters: {"utf8"=>"✓", "authenticity_token"=>"SngZyuo9UD/+HNIRG+cNUKGkB1mmngx40NtoP3HFuew=", "upload"=>{"image"=>#<ActionDispatch::Http::UploadedFile:0x007f8aa15df5b0 @tempfile=#<Tempfile:/var/folders/9c/b5vx34mj2bx0fnrlvrl9k24m0000gq/T/RackMultipart20140720-6496-1qgxs7m>, @original_filename="1795664_702305526457327_1263190909_n.jpg", @content_type="image/jpeg", @headers="Content-Disposition: form-data; name=\"upload[image]\"; filename=\"1795664_702305526457327_1263190909_n.jpg\"\r\nContent-Type: image/jpeg\r\n">}}
Command :: file -b --mime '/var/folders/9c/b5vx34mj2bx0fnrlvrl9k24m0000gq/T/4b5d58c2181c7fa1b48151d59689d01220140720-6496-ayazvn.jpg'
Command :: identify -format '%wx%h,%[exif:orientation]' '/var/folders/9c/b5vx34mj2bx0fnrlvrl9k24m0000gq/T/4b5d58c2181c7fa1b48151d59689d01220140720-6496-zyyoc3.jpg[0]' 2>/dev/null
[paperclip] An error was received while processing: #<Paperclip::Errors::CommandNotFoundError: Could not run the `identify` command. Please install ImageMagick.>
Command :: identify -format '%wx%h,%[exif:orientation]' '/var/folders/9c/b5vx34mj2bx0fnrlvrl9k24m0000gq/T/4b5d58c2181c7fa1b48151d59689d01220140720-6496-zyyoc3.jpg[0]' 2>/dev/null
[paperclip] An error was received while processing: #<Paperclip::Errors::CommandNotFoundError: Could not run the `identify` command. Please install ImageMagick.>
  [1m[35m (0.1ms)[0m  begin transaction
Command :: file -b --mime '/var/folders/9c/b5vx34mj2bx0fnrlvrl9k24m0000gq/T/4b5d58c2181c7fa1b48151d59689d01220140720-6496-186corc.jpg'
  [1m[36m (0.1ms)[0m  [1mrollback transaction[0m
  [1m[35m (0.0ms)[0m  begin transaction
Command :: file -b --mime '/var/folders/9c/b5vx34mj2bx0fnrlvrl9k24m0000gq/T/4b5d58c2181c7fa1b48151d59689d01220140720-6496-1c3x91n.jpg'
  [1m[36m (0.1ms)[0m  [1mrollback transaction[0m
Completed 400 Bad Request in 71ms (Views: 0.2ms | ActiveRecord: 0.3ms)


Started POST "/uploads" for 127.0.0.1 at 2014-07-20 14:54:45 -0700
Processing by UploadsController#create as JSON
  Parameters: {"utf8"=>"✓", "authenticity_token"=>"SngZyuo9UD/+HNIRG+cNUKGkB1mmngx40NtoP3HFuew=", "upload"=>{"image"=>#<ActionDispatch::Http::UploadedFile:0x007f8a9b3ec830 @tempfile=#<Tempfile:/var/folders/9c/b5vx34mj2bx0fnrlvrl9k24m0000gq/T/RackMultipart20140720-6496-1vm6zd3>, @original_filename="1795664_702305526457327_1263190909_n.jpg", @content_type="image/jpeg", @headers="Content-Disposition: form-data; name=\"upload[image]\"; filename=\"1795664_702305526457327_1263190909_n.jpg\"\r\nContent-Type: image/jpeg\r\n">}}
Command :: file -b --mime '/var/folders/9c/b5vx34mj2bx0fnrlvrl9k24m0000gq/T/4b5d58c2181c7fa1b48151d59689d01220140720-6496-1figpmj.jpg'
Command :: identify -format '%wx%h,%[exif:orientation]' '/var/folders/9c/b5vx34mj2bx0fnrlvrl9k24m0000gq/T/4b5d58c2181c7fa1b48151d59689d01220140720-6496-o9j46t.jpg[0]' 2>/dev/null
[paperclip] An error was received while processing: #<Paperclip::Errors::CommandNotFoundError: Could not run the `identify` command. Please install ImageMagick.>
Command :: identify -format '%wx%h,%[exif:orientation]' '/var/folders/9c/b5vx34mj2bx0fnrlvrl9k24m0000gq/T/4b5d58c2181c7fa1b48151d59689d01220140720-6496-o9j46t.jpg[0]' 2>/dev/null
[paperclip] An error was received while processing: #<Paperclip::Errors::CommandNotFoundError: Could not run the `identify` command. Please install ImageMagick.>
  [1m[35m (0.1ms)[0m  begin transaction
Command :: file -b --mime '/var/folders/9c/b5vx34mj2bx0fnrlvrl9k24m0000gq/T/4b5d58c2181c7fa1b48151d59689d01220140720-6496-1pn88ee.jpg'
  [1m[36m (0.1ms)[0m  [1mrollback transaction[0m
  [1m[35m (0.0ms)[0m  begin transaction
Command :: file -b --mime '/var/folders/9c/b5vx34mj2bx0fnrlvrl9k24m0000gq/T/4b5d58c2181c7fa1b48151d59689d01220140720-6496-y4js8v.jpg'
  [1m[36m (0.1ms)[0m  [1mrollback transaction[0m
Completed 400 Bad Request in 50ms (Views: 0.2ms | ActiveRecord: 0.3ms)
